{"numFailedTestSuites":1,"numFailedTests":1,"numPassedTestSuites":4,"numPassedTests":77,"numPendingTestSuites":0,"numPendingTests":1,"numRuntimeErrorTestSuites":0,"numTodoTests":0,"numTotalTestSuites":5,"numTotalTests":79,"openHandles":[],"snapshot":{"added":0,"didUpdate":false,"failure":false,"filesAdded":0,"filesRemoved":0,"filesRemovedList":[],"filesUnmatched":0,"filesUpdated":0,"matched":0,"total":0,"unchecked":0,"uncheckedKeysByFile":[],"unmatched":0,"updated":0},"startTime":1757790316789,"success":false,"testResults":[{"assertionResults":[{"ancestorTitles":["Realtime Chat Feature","Chat Message Sending"],"duration":1808,"failureDetails":[],"failureMessages":[],"fullName":"Realtime Chat Feature Chat Message Sending should send and receive chat messages successfully","invocations":1,"location":null,"numPassingAsserts":12,"retryReasons":[],"status":"passed","title":"should send and receive chat messages successfully"},{"ancestorTitles":["Realtime Chat Feature","Chat Message Sending"],"duration":1696,"failureDetails":[],"failureMessages":[],"fullName":"Realtime Chat Feature Chat Message Sending should handle acknowledgment callbacks correctly","invocations":1,"location":null,"numPassingAsserts":2,"retryReasons":[],"status":"passed","title":"should handle acknowledgment callbacks correctly"},{"ancestorTitles":["Realtime Chat Feature","Chat Message Sending"],"duration":1718,"failureDetails":[],"failureMessages":[],"fullName":"Realtime Chat Feature Chat Message Sending should broadcast to all users in the room including sender","invocations":1,"location":null,"numPassingAsserts":3,"retryReasons":[],"status":"passed","title":"should broadcast to all users in the room including sender"},{"ancestorTitles":["Realtime Chat Feature","Chat Message Validation"],"duration":1714,"failureDetails":[],"failureMessages":[],"fullName":"Realtime Chat Feature Chat Message Validation should reject messages without roomId","invocations":1,"location":null,"numPassingAsserts":2,"retryReasons":[],"status":"passed","title":"should reject messages without roomId"},{"ancestorTitles":["Realtime Chat Feature","Chat Message Validation"],"duration":1715,"failureDetails":[],"failureMessages":[],"fullName":"Realtime Chat Feature Chat Message Validation should reject messages without content","invocations":1,"location":null,"numPassingAsserts":2,"retryReasons":[],"status":"passed","title":"should reject messages without content"},{"ancestorTitles":["Realtime Chat Feature","Chat Message Validation"],"duration":1725,"failureDetails":[],"failureMessages":[],"fullName":"Realtime Chat Feature Chat Message Validation should reject empty messages","invocations":1,"location":null,"numPassingAsserts":2,"retryReasons":[],"status":"passed","title":"should reject empty messages"},{"ancestorTitles":["Realtime Chat Feature","Chat Message Validation"],"duration":1730,"failureDetails":[],"failureMessages":[],"fullName":"Realtime Chat Feature Chat Message Validation should reject messages that are too long","invocations":1,"location":null,"numPassingAsserts":2,"retryReasons":[],"status":"passed","title":"should reject messages that are too long"},{"ancestorTitles":["Realtime Chat Feature","Chat Message Validation"],"duration":1737,"failureDetails":[],"failureMessages":[],"fullName":"Realtime Chat Feature Chat Message Validation should accept messages at the character limit","invocations":1,"location":null,"numPassingAsserts":2,"retryReasons":[],"status":"passed","title":"should accept messages at the character limit"},{"ancestorTitles":["Realtime Chat Feature","Chat Message Validation"],"duration":1701,"failureDetails":[],"failureMessages":[],"fullName":"Realtime Chat Feature Chat Message Validation should reject messages from users not in the room","invocations":1,"location":null,"numPassingAsserts":2,"retryReasons":[],"status":"passed","title":"should reject messages from users not in the room"},{"ancestorTitles":["Realtime Chat Feature","Chat Error Handling"],"duration":1700,"failureDetails":[],"failureMessages":[],"fullName":"Realtime Chat Feature Chat Error Handling should emit chat:error for validation failures","invocations":1,"location":null,"numPassingAsserts":1,"retryReasons":[],"status":"passed","title":"should emit chat:error for validation failures"},{"ancestorTitles":["Realtime Chat Feature","Chat Error Handling"],"duration":1698,"failureDetails":[],"failureMessages":[],"fullName":"Realtime Chat Feature Chat Error Handling should emit chat:error for message length violations","invocations":1,"location":null,"numPassingAsserts":1,"retryReasons":[],"status":"passed","title":"should emit chat:error for message length violations"},{"ancestorTitles":["Realtime Chat Feature","Chat Error Handling"],"duration":1699,"failureDetails":[],"failureMessages":[],"fullName":"Realtime Chat Feature Chat Error Handling should emit chat:error for room access violations","invocations":1,"location":null,"numPassingAsserts":1,"retryReasons":[],"status":"passed","title":"should emit chat:error for room access violations"},{"ancestorTitles":["Realtime Chat Feature","Chat History Management"],"duration":31716,"failureDetails":[{"message":"thrown: \"Exceeded timeout of 30000 ms for a test while waiting for `done()` to be called.\nAdd a timeout value to this test to increase the timeout, if this is a long-running test. See https://jestjs.io/docs/api#testname-fn-timeout.\""}],"failureMessages":["Error: thrown: \"Exceeded timeout of 30000 ms for a test while waiting for `done()` to be called.\nAdd a timeout value to this test to increase the timeout, if this is a long-running test. See https://jestjs.io/docs/api#testname-fn-timeout.\"\n    at D:\\OttrPad(backend)\\Backend\\apps\\collab\\tests\\unit\\realtime-chat.test.ts:299:5\n    at _dispatchDescribe (D:\\OttrPad(backend)\\Backend\\node_modules\\.pnpm\\jest-circus@29.7.0\\node_modules\\jest-circus\\build\\index.js:91:26)\n    at describe (D:\\OttrPad(backend)\\Backend\\node_modules\\.pnpm\\jest-circus@29.7.0\\node_modules\\jest-circus\\build\\index.js:55:5)\n    at D:\\OttrPad(backend)\\Backend\\apps\\collab\\tests\\unit\\realtime-chat.test.ts:298:3\n    at _dispatchDescribe (D:\\OttrPad(backend)\\Backend\\node_modules\\.pnpm\\jest-circus@29.7.0\\node_modules\\jest-circus\\build\\index.js:91:26)\n    at describe (D:\\OttrPad(backend)\\Backend\\node_modules\\.pnpm\\jest-circus@29.7.0\\node_modules\\jest-circus\\build\\index.js:55:5)\n    at Object.<anonymous> (D:\\OttrPad(backend)\\Backend\\apps\\collab\\tests\\unit\\realtime-chat.test.ts:18:1)\n    at Runtime._execModule (D:\\OttrPad(backend)\\Backend\\node_modules\\.pnpm\\jest-runtime@29.7.0\\node_modules\\jest-runtime\\build\\index.js:1439:24)\n    at Runtime._loadModule (D:\\OttrPad(backend)\\Backend\\node_modules\\.pnpm\\jest-runtime@29.7.0\\node_modules\\jest-runtime\\build\\index.js:1022:12)\n    at Runtime.requireModule (D:\\OttrPad(backend)\\Backend\\node_modules\\.pnpm\\jest-runtime@29.7.0\\node_modules\\jest-runtime\\build\\index.js:882:12)\n    at jestAdapter (D:\\OttrPad(backend)\\Backend\\node_modules\\.pnpm\\jest-circus@29.7.0\\node_modules\\jest-circus\\build\\legacy-code-todo-rewrite\\jestAdapter.js:77:13)\n    at runTestInternal (D:\\OttrPad(backend)\\Backend\\node_modules\\.pnpm\\jest-runner@29.7.0\\node_modules\\jest-runner\\build\\runTest.js:367:16)\n    at runTest (D:\\OttrPad(backend)\\Backend\\node_modules\\.pnpm\\jest-runner@29.7.0\\node_modules\\jest-runner\\build\\runTest.js:444:34)"],"fullName":"Realtime Chat Feature Chat History Management should maintain chat history per room","invocations":1,"location":null,"numPassingAsserts":0,"retryReasons":[],"status":"failed","title":"should maintain chat history per room"},{"ancestorTitles":["Realtime Chat Feature","Chat History Management"],"duration":1697,"failureDetails":[],"failureMessages":[],"fullName":"Realtime Chat Feature Chat History Management should return empty history for rooms with no messages","invocations":1,"location":null,"numPassingAsserts":2,"retryReasons":[],"status":"passed","title":"should return empty history for rooms with no messages"},{"ancestorTitles":["Realtime Chat Feature","Multi-Room Chat Isolation"],"duration":2268,"failureDetails":[],"failureMessages":[],"fullName":"Realtime Chat Feature Multi-Room Chat Isolation should isolate chat messages between different rooms","invocations":1,"location":null,"numPassingAsserts":0,"retryReasons":[],"status":"passed","title":"should isolate chat messages between different rooms"},{"ancestorTitles":["Realtime Chat Feature","User Authentication and Authorization"],"duration":1698,"failureDetails":[],"failureMessages":[],"fullName":"Realtime Chat Feature User Authentication and Authorization should use socket authentication data for message metadata","invocations":1,"location":null,"numPassingAsserts":3,"retryReasons":[],"status":"passed","title":"should use socket authentication data for message metadata"},{"ancestorTitles":["Realtime Chat Feature","User Authentication and Authorization"],"duration":1704,"failureDetails":[],"failureMessages":[],"fullName":"Realtime Chat Feature User Authentication and Authorization should prefer provided uid and email over socket authentication","invocations":1,"location":null,"numPassingAsserts":2,"retryReasons":[],"status":"passed","title":"should prefer provided uid and email over socket authentication"}],"endTime":1757790378266,"message":"\u001b[1m\u001b[31m  \u001b[1m● \u001b[22m\u001b[1mRealtime Chat Feature › Chat History Management › should maintain chat history per room\u001b[39m\u001b[22m\n\n    thrown: \"Exceeded timeout of 30000 ms for a test while waiting for `done()` to be called.\n    Add a timeout value to this test to increase the timeout, if this is a long-running test. See https://jestjs.io/docs/api#testname-fn-timeout.\"\n\u001b[2m\u001b[22m\n\u001b[2m    \u001b[0m \u001b[90m 297 |\u001b[39m\u001b[22m\n\u001b[2m     \u001b[90m 298 |\u001b[39m   describe(\u001b[32m\"Chat History Management\"\u001b[39m\u001b[33m,\u001b[39m () \u001b[33m=>\u001b[39m {\u001b[22m\n\u001b[2m    \u001b[31m\u001b[1m>\u001b[22m\u001b[2m\u001b[39m\u001b[90m 299 |\u001b[39m     it(\u001b[32m\"should maintain chat history per room\"\u001b[39m\u001b[33m,\u001b[39m (done\u001b[33m:\u001b[39m jest\u001b[33m.\u001b[39m\u001b[33mDoneCallback\u001b[39m) \u001b[33m=>\u001b[39m {\u001b[22m\n\u001b[2m     \u001b[90m     |\u001b[39m     \u001b[31m\u001b[1m^\u001b[22m\u001b[2m\u001b[39m\u001b[22m\n\u001b[2m     \u001b[90m 300 |\u001b[39m       \u001b[36mconst\u001b[39m messages \u001b[33m=\u001b[39m [\u001b[32m\"First message\"\u001b[39m\u001b[33m,\u001b[39m \u001b[32m\"Second message\"\u001b[39m\u001b[33m,\u001b[39m \u001b[32m\"Third message\"\u001b[39m]\u001b[33m;\u001b[39m\u001b[22m\n\u001b[2m     \u001b[90m 301 |\u001b[39m       \u001b[36mlet\u001b[39m sentCount \u001b[33m=\u001b[39m \u001b[35m0\u001b[39m\u001b[33m;\u001b[39m\u001b[22m\n\u001b[2m     \u001b[90m 302 |\u001b[39m\u001b[0m\u001b[22m\n\u001b[2m\u001b[22m\n\u001b[2m      \u001b[2mat D:\\OttrPad(backend)\u001b[22m\u001b[2m../../../../Backend/apps/collab/tests/unit/realtime-chat.test.ts\u001b[2m:299:5\u001b[22m\u001b[2m\u001b[22m\n\u001b[2m      \u001b[2mat D:\\OttrPad(backend)\u001b[22m\u001b[2m../../../../Backend/apps/collab/tests/unit/realtime-chat.test.ts\u001b[2m:298:3\u001b[22m\u001b[2m\u001b[22m\n\u001b[2m      \u001b[2mat Object.<anonymous> (D:\\OttrPad(backend)\u001b[22m\u001b[2m../../../../Backend/apps/collab/tests/unit/realtime-chat.test.ts\u001b[2m:18:1)\u001b[22m\u001b[2m\u001b[22m\n","name":"D:\\OttrPad(backend)\\Backend\\apps\\collab\\tests\\unit\\realtime-chat.test.ts","startTime":1757790317050,"status":"failed","summary":""},{"assertionResults":[{"ancestorTitles":["Real-time Code Sharing & Block Broadcasting","YJS real-time synchronization"],"duration":1227,"failureDetails":[],"failureMessages":[],"fullName":"Real-time Code Sharing & Block Broadcasting YJS real-time synchronization should broadcast real YJS updates between users","invocations":1,"location":null,"numPassingAsserts":1,"retryReasons":[],"status":"passed","title":"should broadcast real YJS updates between users"},{"ancestorTitles":["Real-time Code Sharing & Block Broadcasting","YJS real-time synchronization"],"duration":1265,"failureDetails":[],"failureMessages":[],"fullName":"Real-time Code Sharing & Block Broadcasting YJS real-time synchronization should handle YJS updates that fail validation gracefully","invocations":1,"location":null,"numPassingAsserts":2,"retryReasons":[],"status":"passed","title":"should handle YJS updates that fail validation gracefully"},{"ancestorTitles":["Real-time Code Sharing & Block Broadcasting","Block Broadcasting Validation"],"duration":1699,"failureDetails":[],"failureMessages":[],"fullName":"Real-time Code Sharing & Block Broadcasting Block Broadcasting Validation should confirm block creation is broadcasted to all users","invocations":1,"location":null,"numPassingAsserts":6,"retryReasons":[],"status":"passed","title":"should confirm block creation is broadcasted to all users"},{"ancestorTitles":["Real-time Code Sharing & Block Broadcasting","Block-wise Code Sharing"],"duration":1215,"failureDetails":[],"failureMessages":[],"fullName":"Real-time Code Sharing & Block Broadcasting Block-wise Code Sharing should track and broadcast code updates for specific blocks","invocations":1,"location":null,"numPassingAsserts":5,"retryReasons":[],"status":"passed","title":"should track and broadcast code updates for specific blocks"},{"ancestorTitles":["Real-time Code Sharing & Block Broadcasting","Real-time Collaboration Flow"],"duration":1202,"failureDetails":[],"failureMessages":[],"fullName":"Real-time Code Sharing & Block Broadcasting Real-time Collaboration Flow should simulate complete real-time editing workflow","invocations":1,"location":null,"numPassingAsserts":1,"retryReasons":[],"status":"passed","title":"should simulate complete real-time editing workflow"},{"ancestorTitles":["Real-time Code Sharing & Block Broadcasting","Concurrent Block Operations"],"duration":2696,"failureDetails":[],"failureMessages":[],"fullName":"Real-time Code Sharing & Block Broadcasting Concurrent Block Operations should handle multiple simultaneous YJS updates from different users","invocations":1,"location":null,"numPassingAsserts":4,"retryReasons":[],"status":"passed","title":"should handle multiple simultaneous YJS updates from different users"},{"ancestorTitles":["Real-time Code Sharing & Block Broadcasting","Error Handling for Block Operations"],"duration":247,"failureDetails":[],"failureMessages":[],"fullName":"Real-time Code Sharing & Block Broadcasting Error Handling for Block Operations should handle authentication errors for block operations","invocations":1,"location":null,"numPassingAsserts":0,"retryReasons":[],"status":"passed","title":"should handle authentication errors for block operations"},{"ancestorTitles":["Real-time Code Sharing & Block Broadcasting","Error Handling for Block Operations"],"duration":650,"failureDetails":[],"failureMessages":[],"fullName":"Real-time Code Sharing & Block Broadcasting Error Handling for Block Operations should validate YJS update data and handle missing fields","invocations":1,"location":null,"numPassingAsserts":2,"retryReasons":[],"status":"passed","title":"should validate YJS update data and handle missing fields"},{"ancestorTitles":["Real-time Code Sharing & Block Broadcasting","Room Isolation & Security"],"duration":4300,"failureDetails":[],"failureMessages":[],"fullName":"Real-time Code Sharing & Block Broadcasting Room Isolation & Security should prevent cross-room code sharing - users in different rooms should not receive each other's updates","invocations":1,"location":null,"numPassingAsserts":13,"retryReasons":[],"status":"passed","title":"should prevent cross-room code sharing - users in different rooms should not receive each other's updates"},{"ancestorTitles":["Real-time Code Sharing & Block Broadcasting","Room Isolation & Security"],"duration":3629,"failureDetails":[],"failureMessages":[],"fullName":"Real-time Code Sharing & Block Broadcasting Room Isolation & Security should isolate block creation events by room","invocations":1,"location":null,"numPassingAsserts":2,"retryReasons":[],"status":"passed","title":"should isolate block creation events by room"},{"ancestorTitles":["Real-time Code Sharing & Block Broadcasting","User Presence Features","Active Users in Room"],"duration":1701,"failureDetails":[],"failureMessages":[],"fullName":"Real-time Code Sharing & Block Broadcasting User Presence Features Active Users in Room should track and return active users in room","invocations":1,"location":null,"numPassingAsserts":5,"retryReasons":[],"status":"passed","title":"should track and return active users in room"},{"ancestorTitles":["Real-time Code Sharing & Block Broadcasting","User Presence Features","Active Users in Room"],"duration":1849,"failureDetails":[],"failureMessages":[],"fullName":"Real-time Code Sharing & Block Broadcasting User Presence Features Active Users in Room should update participants list when user leaves","invocations":1,"location":null,"numPassingAsserts":4,"retryReasons":[],"status":"passed","title":"should update participants list when user leaves"},{"ancestorTitles":["Real-time Code Sharing & Block Broadcasting","User Presence Features","Active Users in Room"],"duration":null,"failureDetails":[],"failureMessages":[],"fullName":"Real-time Code Sharing & Block Broadcasting User Presence Features Active Users in Room should notify all users when new user joins","invocations":1,"location":null,"numPassingAsserts":0,"retryReasons":[],"status":"pending","title":"should notify all users when new user joins"},{"ancestorTitles":["Real-time Code Sharing & Block Broadcasting","User Presence Features","Cursor Position Tracking"],"duration":1697,"failureDetails":[],"failureMessages":[],"fullName":"Real-time Code Sharing & Block Broadcasting User Presence Features Cursor Position Tracking should broadcast cursor movements to other users","invocations":1,"location":null,"numPassingAsserts":7,"retryReasons":[],"status":"passed","title":"should broadcast cursor movements to other users"},{"ancestorTitles":["Real-time Code Sharing & Block Broadcasting","User Presence Features","Cursor Position Tracking"],"duration":1815,"failureDetails":[],"failureMessages":[],"fullName":"Real-time Code Sharing & Block Broadcasting User Presence Features Cursor Position Tracking should not send cursor events to sender","invocations":1,"location":null,"numPassingAsserts":1,"retryReasons":[],"status":"passed","title":"should not send cursor events to sender"},{"ancestorTitles":["Real-time Code Sharing & Block Broadcasting","User Presence Features","Cursor Position Tracking"],"duration":1684,"failureDetails":[],"failureMessages":[],"fullName":"Real-time Code Sharing & Block Broadcasting User Presence Features Cursor Position Tracking should track cursor in multiple blocks","invocations":1,"location":null,"numPassingAsserts":2,"retryReasons":[],"status":"passed","title":"should track cursor in multiple blocks"},{"ancestorTitles":["Real-time Code Sharing & Block Broadcasting","User Presence Features","Block Focus and Blur"],"duration":1697,"failureDetails":[],"failureMessages":[],"fullName":"Real-time Code Sharing & Block Broadcasting User Presence Features Block Focus and Blur should broadcast when user focuses on a block","invocations":1,"location":null,"numPassingAsserts":5,"retryReasons":[],"status":"passed","title":"should broadcast when user focuses on a block"},{"ancestorTitles":["Real-time Code Sharing & Block Broadcasting","User Presence Features","Block Focus and Blur"],"duration":1698,"failureDetails":[],"failureMessages":[],"fullName":"Real-time Code Sharing & Block Broadcasting User Presence Features Block Focus and Blur should broadcast when user blurs a block","invocations":1,"location":null,"numPassingAsserts":5,"retryReasons":[],"status":"passed","title":"should broadcast when user blurs a block"},{"ancestorTitles":["Real-time Code Sharing & Block Broadcasting","User Presence Features","Block Focus and Blur"],"duration":1702,"failureDetails":[],"failureMessages":[],"fullName":"Real-time Code Sharing & Block Broadcasting User Presence Features Block Focus and Blur should track multiple users in different blocks","invocations":1,"location":null,"numPassingAsserts":4,"retryReasons":[],"status":"passed","title":"should track multiple users in different blocks"},{"ancestorTitles":["Real-time Code Sharing & Block Broadcasting","User Presence Features","Typing Indicators"],"duration":1698,"failureDetails":[],"failureMessages":[],"fullName":"Real-time Code Sharing & Block Broadcasting User Presence Features Typing Indicators should broadcast typing start events","invocations":1,"location":null,"numPassingAsserts":6,"retryReasons":[],"status":"passed","title":"should broadcast typing start events"},{"ancestorTitles":["Real-time Code Sharing & Block Broadcasting","User Presence Features","Typing Indicators"],"duration":1716,"failureDetails":[],"failureMessages":[],"fullName":"Real-time Code Sharing & Block Broadcasting User Presence Features Typing Indicators should broadcast typing stop events","invocations":1,"location":null,"numPassingAsserts":3,"retryReasons":[],"status":"passed","title":"should broadcast typing stop events"},{"ancestorTitles":["Real-time Code Sharing & Block Broadcasting","User Presence Features","Language Change Tracking"],"duration":1699,"failureDetails":[],"failureMessages":[],"fullName":"Real-time Code Sharing & Block Broadcasting User Presence Features Language Change Tracking should broadcast language changes","invocations":1,"location":null,"numPassingAsserts":4,"retryReasons":[],"status":"passed","title":"should broadcast language changes"},{"ancestorTitles":["Real-time Code Sharing & Block Broadcasting","User Presence Features","Presence Integration with Room Isolation"],"duration":2332,"failureDetails":[],"failureMessages":[],"fullName":"Real-time Code Sharing & Block Broadcasting User Presence Features Presence Integration with Room Isolation should only broadcast presence events to users in same room","invocations":1,"location":null,"numPassingAsserts":1,"retryReasons":[],"status":"passed","title":"should only broadcast presence events to users in same room"},{"ancestorTitles":["Real-time Code Sharing & Block Broadcasting","Dual-Event Architecture (YJS + Block Content)"],"duration":1198,"failureDetails":[],"failureMessages":[],"fullName":"Real-time Code Sharing & Block Broadcasting Dual-Event Architecture (YJS + Block Content) should handle both YJS updates and block-content-changed events for complete block-level collaboration","invocations":1,"location":null,"numPassingAsserts":2,"retryReasons":[],"status":"passed","title":"should handle both YJS updates and block-content-changed events for complete block-level collaboration"},{"ancestorTitles":["Real-time Code Sharing & Block Broadcasting","Dual-Event Architecture (YJS + Block Content)"],"duration":1201,"failureDetails":[],"failureMessages":[],"fullName":"Real-time Code Sharing & Block Broadcasting Dual-Event Architecture (YJS + Block Content) should handle concurrent block edits with proper identification","invocations":1,"location":null,"numPassingAsserts":6,"retryReasons":[],"status":"passed","title":"should handle concurrent block edits with proper identification"}],"endTime":1757790420240,"message":"","name":"D:\\OttrPad(backend)\\Backend\\apps\\collab\\tests\\unit\\realtime-code-sharing.test.ts","startTime":1757790378282,"status":"focused","summary":""},{"assertionResults":[{"ancestorTitles":["🔄 Real-time Collaboration Integration Tests","📓 Notebook Lifecycle"],"duration":1068,"failureDetails":[],"failureMessages":[],"fullName":"🔄 Real-time Collaboration Integration Tests 📓 Notebook Lifecycle should handle complete notebook creation, update, and deletion flow","invocations":1,"location":null,"numPassingAsserts":4,"retryReasons":[],"status":"passed","title":"should handle complete notebook creation, update, and deletion flow"},{"ancestorTitles":["🔄 Real-time Collaboration Integration Tests","📓 Notebook Lifecycle"],"duration":2077,"failureDetails":[],"failureMessages":[],"fullName":"🔄 Real-time Collaboration Integration Tests 📓 Notebook Lifecycle should handle concurrent notebook operations without conflicts","invocations":1,"location":null,"numPassingAsserts":4,"retryReasons":[],"status":"passed","title":"should handle concurrent notebook operations without conflicts"},{"ancestorTitles":["🔄 Real-time Collaboration Integration Tests","📦 Block Management"],"duration":1093,"failureDetails":[],"failureMessages":[],"fullName":"🔄 Real-time Collaboration Integration Tests 📦 Block Management should handle block creation and management flow","invocations":1,"location":null,"numPassingAsserts":6,"retryReasons":[],"status":"passed","title":"should handle block creation and management flow"},{"ancestorTitles":["🔄 Real-time Collaboration Integration Tests","📦 Block Management"],"duration":2073,"failureDetails":[],"failureMessages":[],"fullName":"🔄 Real-time Collaboration Integration Tests 📦 Block Management should handle rapid block operations efficiently","invocations":1,"location":null,"numPassingAsserts":2,"retryReasons":[],"status":"passed","title":"should handle rapid block operations efficiently"},{"ancestorTitles":["🔄 Real-time Collaboration Integration Tests","👥 Multi-User Collaboration"],"duration":1915,"failureDetails":[],"failureMessages":[],"fullName":"🔄 Real-time Collaboration Integration Tests 👥 Multi-User Collaboration should broadcast events to all room members except sender","invocations":1,"location":null,"numPassingAsserts":4,"retryReasons":[],"status":"passed","title":"should broadcast events to all room members except sender"},{"ancestorTitles":["🔄 Real-time Collaboration Integration Tests","👥 Multi-User Collaboration"],"duration":2431,"failureDetails":[],"failureMessages":[],"fullName":"🔄 Real-time Collaboration Integration Tests 👥 Multi-User Collaboration should maintain room isolation","invocations":1,"location":null,"numPassingAsserts":1,"retryReasons":[],"status":"passed","title":"should maintain room isolation"},{"ancestorTitles":["🔄 Real-time Collaboration Integration Tests","👥 Multi-User Collaboration"],"duration":3634,"failureDetails":[],"failureMessages":[],"fullName":"🔄 Real-time Collaboration Integration Tests 👥 Multi-User Collaboration should handle user join and leave events","invocations":1,"location":null,"numPassingAsserts":4,"retryReasons":[],"status":"passed","title":"should handle user join and leave events"},{"ancestorTitles":["🔄 Real-time Collaboration Integration Tests","⚡ Performance & Scalability"],"duration":3113,"failureDetails":[],"failureMessages":[],"fullName":"🔄 Real-time Collaboration Integration Tests ⚡ Performance & Scalability should handle high-frequency operations efficiently","invocations":1,"location":null,"numPassingAsserts":2,"retryReasons":[],"status":"passed","title":"should handle high-frequency operations efficiently"},{"ancestorTitles":["🔄 Real-time Collaboration Integration Tests","⚡ Performance & Scalability"],"duration":3085,"failureDetails":[],"failureMessages":[],"fullName":"🔄 Real-time Collaboration Integration Tests ⚡ Performance & Scalability should maintain event ordering under load","invocations":1,"location":null,"numPassingAsserts":11,"retryReasons":[],"status":"passed","title":"should maintain event ordering under load"},{"ancestorTitles":["🔄 Real-time Collaboration Integration Tests","🚨 Error Handling"],"duration":1584,"failureDetails":[],"failureMessages":[],"fullName":"🔄 Real-time Collaboration Integration Tests 🚨 Error Handling should handle invalid operations gracefully","invocations":1,"location":null,"numPassingAsserts":3,"retryReasons":[],"status":"passed","title":"should handle invalid operations gracefully"},{"ancestorTitles":["🔄 Real-time Collaboration Integration Tests","🚨 Error Handling"],"duration":1529,"failureDetails":[],"failureMessages":[],"fullName":"🔄 Real-time Collaboration Integration Tests 🚨 Error Handling should handle malformed event data","invocations":1,"location":null,"numPassingAsserts":4,"retryReasons":[],"status":"passed","title":"should handle malformed event data"}],"endTime":1757790444012,"message":"","name":"D:\\OttrPad(backend)\\Backend\\apps\\collab\\tests\\integration\\real-time-collaboration.test.ts","startTime":1757790420256,"status":"passed","summary":""},{"assertionResults":[{"ancestorTitles":["Comprehensive Notebook CRUD & Broadcasting","Multi-User Notebook Broadcasting"],"duration":1710,"failureDetails":[],"failureMessages":[],"fullName":"Comprehensive Notebook CRUD & Broadcasting Multi-User Notebook Broadcasting should broadcast notebook creation to all room members","invocations":1,"location":null,"numPassingAsserts":11,"retryReasons":[],"status":"passed","title":"should broadcast notebook creation to all room members"},{"ancestorTitles":["Comprehensive Notebook CRUD & Broadcasting","Multi-User Notebook Broadcasting"],"duration":1200,"failureDetails":[],"failureMessages":[],"fullName":"Comprehensive Notebook CRUD & Broadcasting Multi-User Notebook Broadcasting should broadcast notebook deletion to all room members","invocations":1,"location":null,"numPassingAsserts":4,"retryReasons":[],"status":"passed","title":"should broadcast notebook deletion to all room members"},{"ancestorTitles":["Comprehensive Notebook CRUD & Broadcasting","Multi-User Notebook Broadcasting"],"duration":1182,"failureDetails":[],"failureMessages":[],"fullName":"Comprehensive Notebook CRUD & Broadcasting Multi-User Notebook Broadcasting should broadcast notebook updates to all room members","invocations":1,"location":null,"numPassingAsserts":4,"retryReasons":[],"status":"passed","title":"should broadcast notebook updates to all room members"},{"ancestorTitles":["Comprehensive Notebook CRUD & Broadcasting","Room Isolation"],"duration":2199,"failureDetails":[],"failureMessages":[],"fullName":"Comprehensive Notebook CRUD & Broadcasting Room Isolation should isolate notebook operations between different rooms","invocations":1,"location":null,"numPassingAsserts":1,"retryReasons":[],"status":"passed","title":"should isolate notebook operations between different rooms"},{"ancestorTitles":["Comprehensive Notebook CRUD & Broadcasting","Concurrent Operations"],"duration":2646,"failureDetails":[],"failureMessages":[],"fullName":"Comprehensive Notebook CRUD & Broadcasting Concurrent Operations should handle concurrent notebook creation correctly","invocations":1,"location":null,"numPassingAsserts":3,"retryReasons":[],"status":"passed","title":"should handle concurrent notebook creation correctly"},{"ancestorTitles":["Comprehensive Notebook CRUD & Broadcasting","Error Handling"],"duration":635,"failureDetails":[],"failureMessages":[],"fullName":"Comprehensive Notebook CRUD & Broadcasting Error Handling should handle update of non-existent notebook gracefully","invocations":1,"location":null,"numPassingAsserts":1,"retryReasons":[],"status":"passed","title":"should handle update of non-existent notebook gracefully"},{"ancestorTitles":["Comprehensive Notebook CRUD & Broadcasting","Error Handling"],"duration":649,"failureDetails":[],"failureMessages":[],"fullName":"Comprehensive Notebook CRUD & Broadcasting Error Handling should still broadcast deletion events for non-existent notebooks","invocations":1,"location":null,"numPassingAsserts":1,"retryReasons":[],"status":"passed","title":"should still broadcast deletion events for non-existent notebooks"},{"ancestorTitles":["Comprehensive Notebook CRUD & Broadcasting","Notebook Lifecycle"],"duration":1681,"failureDetails":[],"failureMessages":[],"fullName":"Comprehensive Notebook CRUD & Broadcasting Notebook Lifecycle should not create duplicate default notebook for subsequent users","invocations":1,"location":null,"numPassingAsserts":1,"retryReasons":[],"status":"passed","title":"should not create duplicate default notebook for subsequent users"},{"ancestorTitles":["Comprehensive Notebook CRUD & Broadcasting","Notebook Lifecycle"],"duration":1170,"failureDetails":[],"failureMessages":[],"fullName":"Comprehensive Notebook CRUD & Broadcasting Notebook Lifecycle should send notebook history to new users joining room with existing notebooks","invocations":1,"location":null,"numPassingAsserts":2,"retryReasons":[],"status":"passed","title":"should send notebook history to new users joining room with existing notebooks"}],"endTime":1757790457189,"message":"","name":"D:\\OttrPad(backend)\\Backend\\apps\\collab\\tests\\unit\\notebook-crud.test.ts","startTime":1757790444021,"status":"passed","summary":""},{"assertionResults":[{"ancestorTitles":["📄 YJS Document Manager Unit Tests","Document Creation and Access"],"duration":5,"failureDetails":[],"failureMessages":[],"fullName":"📄 YJS Document Manager Unit Tests Document Creation and Access should create unique YJS documents for different notebooks","invocations":1,"location":null,"numPassingAsserts":2,"retryReasons":[],"status":"passed","title":"should create unique YJS documents for different notebooks"},{"ancestorTitles":["📄 YJS Document Manager Unit Tests","Document Creation and Access"],"duration":2,"failureDetails":[],"failureMessages":[],"fullName":"📄 YJS Document Manager Unit Tests Document Creation and Access should return same document instance for multiple requests","invocations":1,"location":null,"numPassingAsserts":2,"retryReasons":[],"status":"passed","title":"should return same document instance for multiple requests"},{"ancestorTitles":["📄 YJS Document Manager Unit Tests","Document Creation and Access"],"duration":3,"failureDetails":[],"failureMessages":[],"fullName":"📄 YJS Document Manager Unit Tests Document Creation and Access should initialize document with proper structure","invocations":1,"location":null,"numPassingAsserts":4,"retryReasons":[],"status":"passed","title":"should initialize document with proper structure"},{"ancestorTitles":["📄 YJS Document Manager Unit Tests","Notebook Management"],"duration":4,"failureDetails":[],"failureMessages":[],"fullName":"📄 YJS Document Manager Unit Tests Notebook Management should create notebook with correct structure","invocations":1,"location":null,"numPassingAsserts":6,"retryReasons":[],"status":"passed","title":"should create notebook with correct structure"},{"ancestorTitles":["📄 YJS Document Manager Unit Tests","Notebook Management"],"duration":16,"failureDetails":[],"failureMessages":[],"fullName":"📄 YJS Document Manager Unit Tests Notebook Management should update notebook title correctly","invocations":1,"location":null,"numPassingAsserts":2,"retryReasons":[],"status":"passed","title":"should update notebook title correctly"},{"ancestorTitles":["📄 YJS Document Manager Unit Tests","Notebook Management"],"duration":4,"failureDetails":[],"failureMessages":[],"fullName":"📄 YJS Document Manager Unit Tests Notebook Management should delete notebook and clean up document","invocations":1,"location":null,"numPassingAsserts":2,"retryReasons":[],"status":"passed","title":"should delete notebook and clean up document"},{"ancestorTitles":["📄 YJS Document Manager Unit Tests","Notebook Management"],"duration":3,"failureDetails":[],"failureMessages":[],"fullName":"📄 YJS Document Manager Unit Tests Notebook Management should get notebooks for room","invocations":1,"location":null,"numPassingAsserts":3,"retryReasons":[],"status":"passed","title":"should get notebooks for room"},{"ancestorTitles":["📄 YJS Document Manager Unit Tests","Notebook Management"],"duration":2,"failureDetails":[],"failureMessages":[],"fullName":"📄 YJS Document Manager Unit Tests Notebook Management should return empty array for room with no notebooks","invocations":1,"location":null,"numPassingAsserts":1,"retryReasons":[],"status":"passed","title":"should return empty array for room with no notebooks"},{"ancestorTitles":["📄 YJS Document Manager Unit Tests","Block Operations"],"duration":9,"failureDetails":[],"failureMessages":[],"fullName":"📄 YJS Document Manager Unit Tests Block Operations should create blocks with correct structure","invocations":1,"location":null,"numPassingAsserts":6,"retryReasons":[],"status":"passed","title":"should create blocks with correct structure"},{"ancestorTitles":["📄 YJS Document Manager Unit Tests","Block Operations"],"duration":4,"failureDetails":[],"failureMessages":[],"fullName":"📄 YJS Document Manager Unit Tests Block Operations should get block text for editing","invocations":1,"location":null,"numPassingAsserts":3,"retryReasons":[],"status":"passed","title":"should get block text for editing"},{"ancestorTitles":["📄 YJS Document Manager Unit Tests","Block Operations"],"duration":3,"failureDetails":[],"failureMessages":[],"fullName":"📄 YJS Document Manager Unit Tests Block Operations should delete blocks correctly","invocations":1,"location":null,"numPassingAsserts":2,"retryReasons":[],"status":"passed","title":"should delete blocks correctly"},{"ancestorTitles":["📄 YJS Document Manager Unit Tests","Block Operations"],"duration":3,"failureDetails":[],"failureMessages":[],"fullName":"📄 YJS Document Manager Unit Tests Block Operations should return false when deleting non-existent block","invocations":1,"location":null,"numPassingAsserts":1,"retryReasons":[],"status":"passed","title":"should return false when deleting non-existent block"},{"ancestorTitles":["📄 YJS Document Manager Unit Tests","Document State Management"],"duration":5,"failureDetails":[],"failureMessages":[],"fullName":"📄 YJS Document Manager Unit Tests Document State Management should provide document state for synchronization","invocations":1,"location":null,"numPassingAsserts":2,"retryReasons":[],"status":"passed","title":"should provide document state for synchronization"},{"ancestorTitles":["📄 YJS Document Manager Unit Tests","Document State Management"],"duration":3,"failureDetails":[],"failureMessages":[],"fullName":"📄 YJS Document Manager Unit Tests Document State Management should apply updates to documents correctly","invocations":1,"location":null,"numPassingAsserts":1,"retryReasons":[],"status":"passed","title":"should apply updates to documents correctly"},{"ancestorTitles":["📄 YJS Document Manager Unit Tests","Document State Management"],"duration":2,"failureDetails":[],"failureMessages":[],"fullName":"📄 YJS Document Manager Unit Tests Document State Management should handle concurrent updates without conflicts","invocations":1,"location":null,"numPassingAsserts":2,"retryReasons":[],"status":"passed","title":"should handle concurrent updates without conflicts"},{"ancestorTitles":["📄 YJS Document Manager Unit Tests","Performance and Memory"],"duration":11,"failureDetails":[],"failureMessages":[],"fullName":"📄 YJS Document Manager Unit Tests Performance and Memory should handle multiple documents efficiently","invocations":1,"location":null,"numPassingAsserts":1,"retryReasons":[],"status":"passed","title":"should handle multiple documents efficiently"},{"ancestorTitles":["📄 YJS Document Manager Unit Tests","Performance and Memory"],"duration":3,"failureDetails":[],"failureMessages":[],"fullName":"📄 YJS Document Manager Unit Tests Performance and Memory should maintain consistent document instances","invocations":1,"location":null,"numPassingAsserts":9,"retryReasons":[],"status":"passed","title":"should maintain consistent document instances"}],"endTime":1757790457374,"message":"","name":"D:\\OttrPad(backend)\\Backend\\apps\\collab\\tests\\unit\\yjs-document-manager.test.ts","startTime":1757790457198,"status":"passed","summary":""}],"wasInterrupted":false}
